TN:
SF:/Users/vietworm/Desktop/my-project-vue/src/components/Aboutme.vue
FN:13,data
FN:22,reverseMessage
FNF:2
FNH:1
FNDA:1,data
FNDA:0,reverseMessage
DA:0,1
DA:36,1
DA:45,0
LF:3
LH:2
BRF:0
BRH:0
end_of_record
TN:
SF:/Users/vietworm/Desktop/my-project-vue/src/components/Hello.vue
FN:8,data
FNF:1
FNH:1
FNDA:1,data
DA:0,1
DA:27,1
LF:2
LH:2
BRF:0
BRH:0
end_of_record
TN:
SF:/Users/vietworm/Desktop/my-project-vue/src/App.vue
FNF:0
FNH:0
DA:0,1
LF:1
LH:1
BRF:0
BRH:0
end_of_record
TN:
SF:/Users/vietworm/Desktop/my-project-vue/src/Contact.vue
FNF:0
FNH:0
DA:0,1
LF:1
LH:1
BRF:0
BRH:0
end_of_record
TN:
SF:/Users/vietworm/Desktop/my-project-vue/src/NotFoundComponent.vue
FN:8,data
FNF:1
FNH:0
FNDA:0,data
DA:0,1
DA:11,0
LF:2
LH:1
BRF:0
BRH:0
end_of_record
TN:
SF:/Users/vietworm/Desktop/my-project-vue/src/api/shop.js
FN:11,getProducts
FN:12,(anonymous_2)
FN:16,buyProducts
FN:17,(anonymous_4)
FNF:4
FNH:0
FNDA:0,getProducts
FNDA:0,(anonymous_2)
FNDA:0,buyProducts
FNDA:0,(anonymous_4)
DA:0,1
DA:5,1
DA:13,0
DA:16,0
DA:18,0
LF:5
LH:2
BRDA:18,1,0,0
BRDA:18,1,1,0
BRDA:18,2,0,0
BRDA:18,2,1,0
BRF:4
BRH:0
end_of_record
TN:
SF:/Users/vietworm/Desktop/my-project-vue/src/components/Cart.vue
FN:13,_interopRequireDefault
FN:20,total
FN:21,(anonymous_3)
FN:27,checkout
FNF:4
FNH:1
FNDA:1,_interopRequireDefault
FNDA:0,total
FNDA:0,(anonymous_3)
FNDA:0,checkout
DA:0,1
DA:22,1
DA:31,0
DA:32,0
DA:38,0
LF:5
LH:2
BRDA:13,1,0,1
BRDA:13,1,1,0
BRDA:13,2,0,1
BRDA:13,2,1,1
BRF:4
BRH:4
end_of_record
TN:
SF:/Users/vietworm/Desktop/my-project-vue/src/components/ProductList.vue
FN:13,_interopRequireDefault
FN:23,created
FNF:2
FNH:1
FNDA:1,_interopRequireDefault
FNDA:0,created
DA:0,1
DA:21,1
DA:22,1
DA:35,0
LF:4
LH:3
BRDA:13,1,0,0
BRDA:13,1,1,1
BRDA:13,2,0,1
BRDA:13,2,1,1
BRF:4
BRH:4
end_of_record
TN:
SF:/Users/vietworm/Desktop/my-project-vue/src/components/Profile.vue
FN:8,data
FN:16,created
FN:24,fetchData
FN:28,(anonymous_4)
FN:29,(anonymous_5)
FN:33,(anonymous_6)
FN:39,moment
FNF:7
FNH:0
FNDA:0,data
FNDA:0,created
FNDA:0,fetchData
FNDA:0,(anonymous_4)
FNDA:0,(anonymous_5)
FNDA:0,(anonymous_6)
FNDA:0,moment
DA:0,1
DA:26,0
DA:34,0
DA:41,0
DA:42,0
DA:43,0
DA:44,0
DA:45,0
DA:46,0
DA:47,0
DA:50,0
DA:56,0
LF:12
LH:1
BRF:0
BRH:0
end_of_record
TN:
SF:/Users/vietworm/Desktop/my-project-vue/src/filters/currency.js
FN:9,currency
FNF:1
FNH:0
FNDA:0,currency
DA:0,1
DA:1,1
DA:3,1
DA:4,0
DA:5,0
DA:6,0
DA:7,0
DA:8,0
DA:9,0
DA:12,0
DA:13,0
DA:16,0
DA:19,0
DA:20,0
LF:14
LH:3
BRDA:11,1,0,0
BRDA:11,1,1,0
BRDA:11,2,0,0
BRDA:11,2,1,0
BRDA:11,2,2,0
BRDA:12,3,0,0
BRDA:12,3,1,0
BRDA:13,4,0,0
BRDA:13,4,1,0
BRDA:15,5,0,0
BRDA:15,5,1,0
BRDA:17,6,0,0
BRDA:17,6,1,0
BRDA:17,7,0,0
BRDA:17,7,1,0
BRDA:18,8,0,0
BRDA:18,8,1,0
BRDA:19,9,0,0
BRDA:19,9,1,0
BRF:19
BRH:0
end_of_record
TN:
SF:/Users/vietworm/Desktop/my-project-vue/src/store/actions.js
FN:12,_interopRequireWildcard
FN:14,addToCart
FNF:2
FNH:1
FNDA:1,_interopRequireWildcard
FNDA:0,addToCart
DA:0,1
DA:1,1
DA:3,1
DA:4,0
DA:5,0
LF:5
LH:3
BRDA:12,1,0,1
BRDA:12,1,1,0
BRDA:12,2,0,1
BRDA:12,2,1,1
BRDA:12,3,0,0
BRDA:12,3,1,0
BRDA:12,4,0,0
BRDA:12,4,1,0
BRDA:17,5,0,0
BRDA:17,5,1,0
BRF:10
BRH:8
end_of_record
TN:
SF:/Users/vietworm/Desktop/my-project-vue/src/store/mutation-types.js
FNF:0
FNH:0
DA:0,1
DA:1,1
DA:2,1
DA:3,1
DA:4,1
DA:5,1
LF:6
LH:6
BRF:0
BRH:0
end_of_record
TN:
SF:/Users/vietworm/Desktop/my-project-vue/src/store/getters.js
FN:6,cartProducts
FN:7,(anonymous_2)
FN:11,(anonymous_3)
FNF:3
FNH:0
FNDA:0,cartProducts
FNDA:0,(anonymous_2)
FNDA:0,(anonymous_3)
DA:0,1
DA:1,1
DA:2,0
DA:3,0
DA:4,0
LF:5
LH:2
BRF:0
BRH:0
end_of_record
TN:
SF:/Users/vietworm/Desktop/my-project-vue/src/store/index.js
FN:31,_interopRequireWildcard
FN:33,_interopRequireDefault
FNF:2
FNH:2
FNDA:2,_interopRequireWildcard
FNDA:4,_interopRequireDefault
DA:0,4
DA:1,1
DA:2,1
DA:3,1
DA:4,1
DA:5,1
DA:6,1
DA:8,1
DA:10,1
LF:9
LH:9
BRDA:31,1,0,2
BRDA:31,1,1,0
BRDA:31,2,0,2
BRDA:31,2,1,2
BRDA:31,3,0,0
BRDA:31,3,1,0
BRDA:31,4,0,0
BRDA:31,4,1,0
BRDA:33,5,0,2
BRDA:33,5,1,2
BRDA:33,6,0,4
BRDA:33,6,1,4
BRF:12
BRH:12
end_of_record
TN:
SF:/Users/vietworm/Desktop/my-project-vue/src/store/modules/cart.js
FN:25,_interopRequireWildcard
FN:27,_interopRequireDefault
FN:35,checkoutStatus
FN:41,checkout
FN:47,(anonymous_5)
FN:49,(anonymous_6)
FN:55,(anonymous_7)
FN:59,(anonymous_8)
FN:70,(anonymous_9)
FN:73,(anonymous_10)
FN:75,(anonymous_11)
FNF:11
FNH:2
FNDA:1,_interopRequireWildcard
FNDA:3,_interopRequireDefault
FNDA:0,checkoutStatus
FNDA:0,checkout
FNDA:0,(anonymous_5)
FNDA:0,(anonymous_6)
FNDA:0,(anonymous_7)
FNDA:0,(anonymous_8)
FNDA:0,(anonymous_9)
FNDA:0,(anonymous_10)
FNDA:0,(anonymous_11)
DA:0,3
DA:1,1
DA:2,1
DA:5,1
DA:11,1
DA:12,0
DA:16,1
DA:17,0
DA:18,0
DA:19,0
DA:20,0
DA:21,0
DA:22,0
DA:27,1
DA:28,0
DA:29,0
DA:30,0
DA:31,0
DA:32,0
DA:37,0
DA:42,0
DA:43,0
DA:46,0
DA:48,0
DA:50,0
DA:51,0
LF:26
LH:7
BRDA:25,1,0,1
BRDA:25,1,1,0
BRDA:25,2,0,1
BRDA:25,2,1,1
BRDA:25,3,0,0
BRDA:25,3,1,0
BRDA:25,4,0,0
BRDA:25,4,1,0
BRDA:27,5,0,3
BRDA:27,5,1,0
BRDA:27,6,0,3
BRDA:27,6,1,3
BRDA:62,7,0,0
BRDA:62,7,1,0
BRF:14
BRH:12
end_of_record
TN:
SF:/Users/vietworm/Desktop/my-project-vue/src/store/modules/products.js
FN:21,_interopRequireWildcard
FN:23,_interopRequireDefault
FN:30,allProducts
FN:36,getAllProducts
FN:39,(anonymous_5)
FN:45,(anonymous_6)
FN:49,(anonymous_7)
FN:52,(anonymous_8)
FNF:8
FNH:2
FNDA:1,_interopRequireWildcard
FNDA:2,_interopRequireDefault
FNDA:0,allProducts
FNDA:0,getAllProducts
FNDA:0,(anonymous_5)
FNDA:0,(anonymous_6)
FNDA:0,(anonymous_7)
FNDA:0,(anonymous_8)
DA:0,2
DA:1,1
DA:2,1
DA:5,1
DA:10,1
DA:11,0
DA:15,1
DA:16,0
DA:17,0
DA:18,0
DA:24,1
DA:25,0
DA:26,0
DA:28,0
DA:29,0
LF:15
LH:7
BRDA:21,1,0,1
BRDA:21,1,1,0
BRDA:21,2,0,1
BRDA:21,2,1,1
BRDA:21,3,0,0
BRDA:21,3,1,0
BRDA:21,4,0,0
BRDA:21,4,1,0
BRDA:23,5,0,2
BRDA:23,5,1,0
BRDA:23,6,0,2
BRDA:23,6,1,2
BRF:12
BRH:12
end_of_record
